<?xml version="1.0" encoding="UTF-8"?>
<!-- Generated by org.testng.reporters.JUnitReportReporter -->
<testsuite hostname="User-PC" name="samplepackage.test" tests="1" failures="0" timestamp="29 Oct 2015 07:13:13 GMT" time="0.022" errors="0">
  <testcase name="testex" time="0.022" classname="samplepackage.test"/>
</testsuite> <!-- samplepackage.test -->
